   Compiling proc-macro2 v1.0.106
   Compiling unicode-ident v1.0.24
   Compiling libc v0.2.186
   Compiling wasm-bindgen-shared v0.2.123
   Compiling quote v1.0.45
    Checking cfg-if v1.0.4
   Compiling rustversion v1.0.22
   Compiling shlex v2.0.1
   Compiling find-msvc-tools v0.1.9
   Compiling pkg-config v0.3.33
   Compiling bumpalo v3.20.3
    Checking once_cell v1.21.4
   Compiling zstd-safe v7.2.4
    Checking futures-task v0.3.32
   Compiling serde_core v1.0.228
    Checking pin-project-lite v0.2.17
    Checking slab v0.4.12
    Checking futures-core v0.3.32
   Compiling crossbeam-utils v0.8.21
   Compiling getrandom v0.4.2
   Compiling crc32fast v1.5.0
   Compiling parking_lot_core v0.9.12
   Compiling zmij v1.0.21
    Checking futures-util v0.3.32
   Compiling camino v1.2.2
    Checking rand_core v0.10.1
   Compiling serde v1.0.228
   Compiling serde_json v1.0.150
    Checking adler2 v2.0.1
    Checking smallvec v1.15.1
    Checking scopeguard v1.2.0
    Checking simd-adler32 v0.3.9
    Checking lock_api v0.4.14
    Checking miniz_oxide v0.8.9
    Checking chacha20 v0.10.0
    Checking ecow v0.2.6
    Checking hashbrown v0.14.5
    Checking memchr v2.8.1
    Checking itoa v1.0.18
    Checking md5 v0.8.0
    Checking unicode-segmentation v1.13.3
    Checking base64 v0.22.1
    Checking crossbeam-queue v0.3.12
   Compiling syn v2.0.117
    Checking flate2 v1.1.9
    Checking dashmap v6.2.1
   Compiling wasm-bindgen v0.2.123
    Checking gleam-types v0.4.3 (/Users/annabel/Developer/ablative/stack/beamr/.worktrees/native-trap-exit/crates/gleam-types)
   Compiling jobserver v0.1.34
   Compiling cc v1.2.63
   Compiling wasm-bindgen-macro-support v0.2.123
   Compiling zstd-sys v2.0.16+zstd.1.5.7
   Compiling serde_derive v1.0.228
   Compiling wasm-bindgen-macro v0.2.123
   Compiling zstd v0.13.3
   Compiling beamr v0.16.0 (/Users/annabel/Developer/ablative/stack/beamr/.worktrees/native-trap-exit/crates/beamr)
   Compiling beamr-wasm v0.7.0 (/Users/annabel/Developer/ablative/stack/beamr/.worktrees/native-trap-exit/crates/beamr-wasm)
    Checking js-sys v0.3.100
    Checking rand v0.10.1
    Checking web-time v1.1.0
    Checking wasm-bindgen-futures v0.4.73
    Checking serde-wasm-bindgen v0.6.5
    Finished `dev` profile [unoptimized + debuginfo] target(s) in 25.72s
